[debug] [2024-01-28T18:17:23.370Z] ----------------------------------------------------------------------
[debug] [2024-01-28T18:17:23.373Z] Command:       C:\Program Files\nodejs\node.exe C:\Users\janag\AppData\Roaming\npm\node_modules\firebase-tools\lib\bin\firebase.js init hosting
[debug] [2024-01-28T18:17:23.373Z] CLI Version:   13.1.0
[debug] [2024-01-28T18:17:23.374Z] Platform:      win32
[debug] [2024-01-28T18:17:23.374Z] Node Version:  v20.4.0
[debug] [2024-01-28T18:17:23.374Z] Time:          Sun Jan 28 2024 23:47:23 GMT+0530 (India Standard Time)
[debug] [2024-01-28T18:17:23.374Z] ----------------------------------------------------------------------
[debug] 
[debug] [2024-01-28T18:17:23.476Z] > command requires scopes: ["email","openid","https://www.googleapis.com/auth/cloudplatformprojects.readonly","https://www.googleapis.com/auth/firebase","https://www.googleapis.com/auth/cloud-platform"]
[debug] [2024-01-28T18:17:23.476Z] > authorizing via signed-in user (saikumarj1011@gmail.com)
[info] 
     ######## #### ########  ######## ########     ###     ######  ########
     ##        ##  ##     ## ##       ##     ##  ##   ##  ##       ##
     ######    ##  ########  ######   ########  #########  ######  ######
     ##        ##  ##    ##  ##       ##     ## ##     ##       ## ##
     ##       #### ##     ## ######## ########  ##     ##  ######  ########

You're about to initialize a Firebase project in this directory:

  D:\ganga

Before we get started, keep in mind:

  * You are initializing within an existing Firebase project directory

[info] 
=== Project Setup
[info] 
[info] First, let's associate this project directory with a Firebase project.
[info] You can create multiple project aliases by running firebase use --add, 
[info] but for now we'll just set up a default project.
[info] 
[debug] [2024-01-28T18:17:28.151Z] Using project from CLI flag: gmi-dispatch
[debug] [2024-01-28T18:17:28.153Z] >>> [apiv2][query] GET https://firebase.googleapis.com/v1beta1/projects/gmi-dispatch [none]
[debug] [2024-01-28T18:17:29.542Z] <<< [apiv2][status] GET https://firebase.googleapis.com/v1beta1/projects/gmi-dispatch 403
[debug] [2024-01-28T18:17:29.543Z] <<< [apiv2][body] GET https://firebase.googleapis.com/v1beta1/projects/gmi-dispatch {"error":{"code":403,"message":"The caller does not have permission","status":"PERMISSION_DENIED"}}
[debug] [2024-01-28T18:17:29.544Z] HTTP Error: 403, The caller does not have permission
[debug] [2024-01-28T18:17:30.247Z] FirebaseError: HTTP Error: 403, The caller does not have permission
    at responseToError (C:\Users\janag\AppData\Roaming\npm\node_modules\firebase-tools\lib\responseToError.js:49:12)
    at RetryOperation._fn (C:\Users\janag\AppData\Roaming\npm\node_modules\firebase-tools\lib\apiv2.js:292:77)
    at process.processTicksAndRejections (node:internal/process/task_queues:95:5)
[error] 
[error] Error: Failed to get Firebase project gmi-dispatch. Please make sure the project exists and your account has permission to access it.
[debug] [2024-01-28T18:18:08.641Z] ----------------------------------------------------------------------
[debug] [2024-01-28T18:18:08.645Z] Command:       C:\Program Files\nodejs\node.exe C:\Users\janag\AppData\Roaming\npm\node_modules\firebase-tools\lib\bin\firebase.js init hosting
[debug] [2024-01-28T18:18:08.646Z] CLI Version:   13.1.0
[debug] [2024-01-28T18:18:08.646Z] Platform:      win32
[debug] [2024-01-28T18:18:08.646Z] Node Version:  v20.4.0
[debug] [2024-01-28T18:18:08.646Z] Time:          Sun Jan 28 2024 23:48:08 GMT+0530 (India Standard Time)
[debug] [2024-01-28T18:18:08.646Z] ----------------------------------------------------------------------
[debug] 
[debug] [2024-01-28T18:18:08.718Z] > command requires scopes: ["email","openid","https://www.googleapis.com/auth/cloudplatformprojects.readonly","https://www.googleapis.com/auth/firebase","https://www.googleapis.com/auth/cloud-platform"]
[debug] [2024-01-28T18:18:08.718Z] > authorizing via signed-in user (saikumarj1011@gmail.com)
[info] 
     ######## #### ########  ######## ########     ###     ######  ########
     ##        ##  ##     ## ##       ##     ##  ##   ##  ##       ##
     ######    ##  ########  ######   ########  #########  ######  ######
     ##        ##  ##    ##  ##       ##     ## ##     ##       ## ##
     ##       #### ##     ## ######## ########  ##     ##  ######  ########

You're about to initialize a Firebase project in this directory:

  D:\ganga

Before we get started, keep in mind:

  * You are initializing within an existing Firebase project directory

[info] 
=== Project Setup
[info] 
[info] First, let's associate this project directory with a Firebase project.
[info] You can create multiple project aliases by running firebase use --add, 
[info] but for now we'll just set up a default project.
[info] 
[debug] [2024-01-28T18:18:09.952Z] Using project from CLI flag: gmi-dispatch
[debug] [2024-01-28T18:18:09.956Z] >>> [apiv2][query] GET https://firebase.googleapis.com/v1beta1/projects/gmi-dispatch [none]
[debug] [2024-01-28T18:18:11.524Z] <<< [apiv2][status] GET https://firebase.googleapis.com/v1beta1/projects/gmi-dispatch 403
[debug] [2024-01-28T18:18:11.524Z] <<< [apiv2][body] GET https://firebase.googleapis.com/v1beta1/projects/gmi-dispatch {"error":{"code":403,"message":"The caller does not have permission","status":"PERMISSION_DENIED"}}
[debug] [2024-01-28T18:18:11.524Z] HTTP Error: 403, The caller does not have permission
[debug] [2024-01-28T18:18:12.042Z] FirebaseError: HTTP Error: 403, The caller does not have permission
    at responseToError (C:\Users\janag\AppData\Roaming\npm\node_modules\firebase-tools\lib\responseToError.js:49:12)
    at RetryOperation._fn (C:\Users\janag\AppData\Roaming\npm\node_modules\firebase-tools\lib\apiv2.js:292:77)
    at process.processTicksAndRejections (node:internal/process/task_queues:95:5)
[error] 
[error] Error: Failed to get Firebase project gmi-dispatch. Please make sure the project exists and your account has permission to access it.
